
0(41) : error C1115: unable to find compatible overloaded function "dot(vec3)"
0(41) : error C0000: syntax error, unexpected "<=", expecting "::" at token "<="

